<?xml version="1.0" encoding="UTF-8"?>
<testsuite xmlns:xsi="http://www.w3.org/2001/XMLSchema-instance" xsi:noNamespaceSchemaLocation="https://maven.apache.org/surefire/maven-surefire-plugin/xsd/surefire-test-report-3.0.xsd" version="3.0" name="cn.edu.thssdb.index.BPlusTreeTest" time="0.129" tests="3" errors="0" skipped="0" failures="0">
  <properties>
[...]
</properties>
  <testcase name="testGet" classname="cn.edu.thssdb.index.BPlusTreeTest" time="0.014"/>
  <testcase name="testRemove" classname="cn.edu.thssdb.index.BPlusTreeTest" time="0.007"/>
  <testcase name="testIterator" classname="cn.edu.thssdb.index.BPlusTreeTest" time="0.069"/>
</testsuite>